<?xml version="1.0" encoding="UTF-8"?>
<testsuite xmlns:xsi="http://www.w3.org/2001/XMLSchema-instance" xsi:noNamespaceSchemaLocation="https://maven.apache.org/surefire/maven-surefire-plugin/xsd/surefire-test-report.xsd" name="MyTest" time="0.073" tests="1" errors="1" skipped="0" failures="0">
  <properties>
[...]
</properties>
  <testcase name="test01" classname="MyTest" time="0.007">
    <error type="java.lang.NullPointerException">java.lang.NullPointerException
	at MyTest.test01(MyTest.java:20)
</error>
  </testcase>
</testsuite>